Jan-12 18:41:12.846 [main] DEBUG nextflow.cli.Launcher - $> nextflow run main.nf --input /home/nboev/projects/def-sushant/nboev/preprocess/CPTAC-3/BrainCancer/wgs_alt/aa44f64c-570f-464d-9750-0e1eeede6f45/CPTAC-3.90e5a56c-003c-45b1-9773-e6efc7a51cec.wgs.tumor_normal.gatk4_mutect2.raw_somatic_mutation.vcf --output_dir /home/nboev/scratch/CPTAC-3/BrainCancer/wgs/aa44f64c-570f-464d-9750-0e1eeede6f45 -resume
Jan-12 18:41:13.106 [main] DEBUG nextflow.cli.CmdRun - N E X T F L O W  ~  version 25.10.2
Jan-12 18:41:13.122 [main] DEBUG nextflow.plugin.PluginsFacade - Setting up plugin manager > mode=prod; embedded=false; plugins-dir=/home/nboev/.nextflow/plugins; core-plugins: nf-amazon@3.4.2,nf-azure@1.20.2,nf-cloudcache@0.5.0,nf-codecommit@0.5.0,nf-console@1.3.0,nf-google@1.23.3,nf-k8s@1.2.2,nf-tower@1.17.3,nf-wave@1.16.1
Jan-12 18:41:13.165 [main] INFO  o.pf4j.DefaultPluginStatusProvider - Enabled plugins: []
Jan-12 18:41:13.166 [main] INFO  o.pf4j.DefaultPluginStatusProvider - Disabled plugins: []
Jan-12 18:41:13.168 [main] INFO  org.pf4j.DefaultPluginManager - PF4J version 3.12.0 in 'deployment' mode
Jan-12 18:41:13.181 [main] DEBUG nextflow.util.RetryConfig - Missing nextflow session - using default retry config
Jan-12 18:41:13.279 [main] INFO  org.pf4j.AbstractPluginManager - No plugins
Jan-12 18:41:13.351 [main] DEBUG nextflow.plugin.PluginsFacade - Plugins default=[]
Jan-12 18:41:13.351 [main] DEBUG nextflow.plugin.PluginsFacade - Plugins resolved requirement=[]
Jan-12 18:41:13.362 [main] DEBUG n.secret.LocalSecretsProvider - Secrets store: /home/nboev/.nextflow/secrets/store.json
Jan-12 18:41:13.466 [main] DEBUG nextflow.secret.SecretsLoader - Discovered secrets providers: [nextflow.secret.LocalSecretsProvider@5cdf39b2] - activable => nextflow.secret.LocalSecretsProvider@5cdf39b2
Jan-12 18:41:13.469 [main] DEBUG nextflow.cli.CmdRun - Applied DSL=2 from script declaration
Jan-12 18:41:13.481 [main] DEBUG nextflow.cli.CmdRun - Launching `main.nf` [nice_saha] DSL2 - revision: c8ef18966c
Jan-12 18:41:13.522 [main] DEBUG nextflow.Session - Session UUID: 39f9dbfb-b971-4606-84b3-71eaf728334f
Jan-12 18:41:13.523 [main] DEBUG nextflow.Session - Run name: nice_saha
Jan-12 18:41:13.523 [main] DEBUG nextflow.Session - Executor pool size: 2
Jan-12 18:41:13.529 [main] DEBUG nextflow.file.FilePorter - File porter settings maxRetries=3; maxTransfers=50; pollTimeout=null
Jan-12 18:41:13.534 [main] DEBUG nextflow.util.ThreadPoolBuilder - Creating thread pool 'FileTransfer' minSize=10; maxSize=10; workQueue=LinkedBlockingQueue[-1]; allowCoreThreadTimeout=false
Jan-12 18:41:13.554 [main] DEBUG nextflow.cli.CmdRun - 
  Version: 25.10.2 build 10555
  Created: 28-11-2025 19:24 UTC (14:24 EDT)
  System: Linux 5.14.0-570.44.1.el9_6.x86_64
  Runtime: Groovy 4.0.28 on OpenJDK 64-Bit Server VM 21.0.1+12-29
  Encoding: UTF-8 (UTF-8)
  Process: 613013@l1.nibi.sharcnet [10.39.0.11]
  CPUs: 1 - Mem: 251.7 GB (10 GB) - Swap: 32 GB (28.4 GB)
Jan-12 18:41:13.606 [main] DEBUG nextflow.Session - Work-dir: /project/6069023/nboev/scripts/work [nfs]
Jan-12 18:41:13.607 [main] DEBUG nextflow.Session - Script base path does not exist or is not a directory: /project/6069023/nboev/scripts/bin
Jan-12 18:41:13.613 [main] DEBUG nextflow.executor.ExecutorFactory - Extension executors providers=[]
Jan-12 18:41:13.621 [main] DEBUG nextflow.Session - Observer factory (v2): LinObserverFactory
Jan-12 18:41:13.623 [main] DEBUG nextflow.Session - Observer factory (v2): DefaultObserverFactory
Jan-12 18:41:13.656 [main] DEBUG nextflow.cache.CacheFactory - Using Nextflow cache factory: nextflow.cache.DefaultCacheFactory
Jan-12 18:41:13.663 [main] DEBUG nextflow.util.CustomThreadPool - Creating default thread pool > poolSize: 2; maxThreads: 1000
Jan-12 18:41:13.785 [main] DEBUG nextflow.Session - Session start
Jan-12 18:41:14.419 [main] DEBUG nextflow.script.ScriptRunner - > Launching execution
Jan-12 18:41:14.545 [main] DEBUG nextflow.executor.ExecutorFactory - << taskConfig executor: null
Jan-12 18:41:14.545 [main] DEBUG nextflow.executor.ExecutorFactory - >> processorType: 'local'
Jan-12 18:41:14.553 [main] DEBUG nextflow.executor.Executor - [warm up] executor > local
Jan-12 18:41:14.559 [main] DEBUG n.processor.LocalPollingMonitor - Creating local task monitor for executor 'local' > cpus=1; memory=251.7 GB; capacity=1; pollInterval=100ms; dumpInterval=5m
Jan-12 18:41:14.561 [main] DEBUG n.processor.TaskPollingMonitor - >>> barrier register (monitor: local)
Jan-12 18:41:14.587 [main] DEBUG nextflow.processor.TaskProcessor - Creating process 'FILTER_SNV': maxForks=0; fair=false; array=0
Jan-12 18:41:14.800 [main] DEBUG nextflow.executor.ExecutorFactory - << taskConfig executor: null
Jan-12 18:41:14.800 [main] DEBUG nextflow.executor.ExecutorFactory - >> processorType: 'local'
Jan-12 18:41:14.801 [main] DEBUG nextflow.processor.TaskProcessor - Creating process 'ANNOT_VCF': maxForks=0; fair=false; array=0
Jan-12 18:41:14.809 [main] DEBUG nextflow.executor.ExecutorFactory - << taskConfig executor: null
Jan-12 18:41:14.810 [main] DEBUG nextflow.executor.ExecutorFactory - >> processorType: 'local'
Jan-12 18:41:14.810 [main] DEBUG nextflow.processor.TaskProcessor - Creating process 'SIGPROFILER': maxForks=0; fair=false; array=0
Jan-12 18:41:14.817 [main] DEBUG nextflow.executor.ExecutorFactory - << taskConfig executor: null
Jan-12 18:41:14.817 [main] DEBUG nextflow.executor.ExecutorFactory - >> processorType: 'local'
Jan-12 18:41:14.818 [main] DEBUG nextflow.processor.TaskProcessor - Creating process 'SNV_CONTEXT': maxForks=0; fair=false; array=0
Jan-12 18:41:14.820 [main] DEBUG nextflow.Session - Workflow process names [dsl2]: SIGPROFILER, ANNOT_VCF, SNV_CONTEXT, FILTER_SNV
Jan-12 18:41:14.822 [main] DEBUG nextflow.Session - Igniting dataflow network (5)
Jan-12 18:41:14.827 [main] DEBUG nextflow.processor.TaskProcessor - Starting process > FILTER_SNV
Jan-12 18:41:14.827 [main] DEBUG nextflow.processor.TaskProcessor - Starting process > ANNOT_VCF
Jan-12 18:41:14.827 [main] DEBUG nextflow.processor.TaskProcessor - Starting process > SIGPROFILER
Jan-12 18:41:14.827 [main] DEBUG nextflow.processor.TaskProcessor - Starting process > SNV_CONTEXT
Jan-12 18:41:14.828 [main] DEBUG nextflow.script.ScriptRunner - Parsed script files:
  Script_f13556854cdaee44: /project/6069023/nboev/scripts/main.nf
Jan-12 18:41:14.828 [main] DEBUG nextflow.script.ScriptRunner - > Awaiting termination 
Jan-12 18:41:14.828 [main] DEBUG nextflow.Session - Session await
Jan-12 18:41:14.956 [Actor Thread 3] INFO  nextflow.processor.TaskProcessor - [c1/e6533a] Cached process > FILTER_SNV (1)
Jan-12 18:41:14.978 [Actor Thread 3] DEBUG nextflow.util.ThreadPoolBuilder - Creating thread pool 'PublishDir' minSize=10; maxSize=10; workQueue=LinkedBlockingQueue[-1]; allowCoreThreadTimeout=false
Jan-12 18:41:15.011 [Actor Thread 5] DEBUG n.processor.TaskFileCollector - Process `ANNOT_VCF (1)` is unable to find [UnixPath]: `/project/6069023/nboev/scripts/work/96/a04083b2f0093171603f36f552d042/CPTAC-3.90e5a56c-003c-45b1-9773-e6efc7a51cec.wgs.tumor_normal.gatk4_mutect2.raw_somatic_mutation.SNV.recode.annotMotifPhast.vcf` (pattern: `CPTAC-3.90e5a56c-003c-45b1-9773-e6efc7a51cec.wgs.tumor_normal.gatk4_mutect2.raw_somatic_mutation.SNV.recode.annotMotifPhast.vcf`)
Jan-12 18:41:15.011 [Actor Thread 1] DEBUG n.processor.TaskFileCollector - Process `ANNOT_VCF (2)` is unable to find [UnixPath]: `/project/6069023/nboev/scripts/work/82/d19cbaa2158c1f3519e61a97ce492f/CPTAC-3.90e5a56c-003c-45b1-9773-e6efc7a51cec.wgs.tumor_normal.gatk4_mutect2.raw_somatic_mutation.INDEL.recode.annotMotifPhast.vcf` (pattern: `CPTAC-3.90e5a56c-003c-45b1-9773-e6efc7a51cec.wgs.tumor_normal.gatk4_mutect2.raw_somatic_mutation.INDEL.recode.annotMotifPhast.vcf`)
Jan-12 18:41:15.017 [Actor Thread 5] DEBUG n.processor.TaskFileCollector - Process `ANNOT_VCF (1)` is unable to find [UnixPath]: `/project/6069023/nboev/scripts/work/bb/2d2cc7252f306ddd24fd41ce067f42/CPTAC-3.90e5a56c-003c-45b1-9773-e6efc7a51cec.wgs.tumor_normal.gatk4_mutect2.raw_somatic_mutation.SNV.recode.annotMotifPhast.vcf` (pattern: `CPTAC-3.90e5a56c-003c-45b1-9773-e6efc7a51cec.wgs.tumor_normal.gatk4_mutect2.raw_somatic_mutation.SNV.recode.annotMotifPhast.vcf`)
Jan-12 18:41:15.018 [Actor Thread 1] DEBUG n.processor.TaskFileCollector - Process `ANNOT_VCF (2)` is unable to find [UnixPath]: `/project/6069023/nboev/scripts/work/3f/6276e7a8dbbb4ea2e179af1da63002/CPTAC-3.90e5a56c-003c-45b1-9773-e6efc7a51cec.wgs.tumor_normal.gatk4_mutect2.raw_somatic_mutation.INDEL.recode.annotMotifPhast.vcf` (pattern: `CPTAC-3.90e5a56c-003c-45b1-9773-e6efc7a51cec.wgs.tumor_normal.gatk4_mutect2.raw_somatic_mutation.INDEL.recode.annotMotifPhast.vcf`)
Jan-12 18:41:15.021 [Actor Thread 1] DEBUG n.processor.TaskFileCollector - Process `ANNOT_VCF (2)` is unable to find [UnixPath]: `/project/6069023/nboev/scripts/work/7b/8098e63c76437a437ad84635e319c9/CPTAC-3.90e5a56c-003c-45b1-9773-e6efc7a51cec.wgs.tumor_normal.gatk4_mutect2.raw_somatic_mutation.INDEL.recode.annotMotifPhast.vcf` (pattern: `CPTAC-3.90e5a56c-003c-45b1-9773-e6efc7a51cec.wgs.tumor_normal.gatk4_mutect2.raw_somatic_mutation.INDEL.recode.annotMotifPhast.vcf`)
Jan-12 18:41:15.024 [Actor Thread 5] DEBUG n.processor.TaskFileCollector - Process `ANNOT_VCF (1)` is unable to find [UnixPath]: `/project/6069023/nboev/scripts/work/9a/40b347505019d235c0e21ceb8bf9f2/CPTAC-3.90e5a56c-003c-45b1-9773-e6efc7a51cec.wgs.tumor_normal.gatk4_mutect2.raw_somatic_mutation.SNV.recode.annotMotifPhast.vcf` (pattern: `CPTAC-3.90e5a56c-003c-45b1-9773-e6efc7a51cec.wgs.tumor_normal.gatk4_mutect2.raw_somatic_mutation.SNV.recode.annotMotifPhast.vcf`)
Jan-12 18:41:15.072 [Task submitter] DEBUG n.executor.local.LocalTaskHandler - Launch cmd line: /bin/bash -ue .command.run
Jan-12 18:41:15.074 [Task submitter] INFO  nextflow.Session - [88/b78e91] Submitted process > ANNOT_VCF (2)
Jan-12 18:42:25.288 [Task monitor] DEBUG n.processor.TaskPollingMonitor - Task completed > TaskHandler[id: 3; name: ANNOT_VCF (2); status: COMPLETED; exit: 0; error: -; workDir: /project/6069023/nboev/scripts/work/88/b78e91643c8b36d042ee2f62a68c7c]
Jan-12 18:42:25.290 [Task monitor] DEBUG nextflow.util.ThreadPoolBuilder - Creating thread pool 'TaskFinalizer' minSize=10; maxSize=10; workQueue=LinkedBlockingQueue[-1]; allowCoreThreadTimeout=false
Jan-12 18:42:25.307 [Task submitter] DEBUG n.executor.local.LocalTaskHandler - Launch cmd line: /bin/bash -ue .command.run
Jan-12 18:42:25.308 [Task submitter] INFO  nextflow.Session - [a4/44fe2d] Submitted process > ANNOT_VCF (1)
Jan-12 18:43:04.445 [Task monitor] DEBUG n.processor.TaskPollingMonitor - Task completed > TaskHandler[id: 2; name: ANNOT_VCF (1); status: COMPLETED; exit: 0; error: -; workDir: /project/6069023/nboev/scripts/work/a4/44fe2d4d6d73c43f8eef3aabf17496]
Jan-12 18:43:04.482 [Task submitter] DEBUG n.executor.local.LocalTaskHandler - Launch cmd line: /bin/bash -ue .command.run
Jan-12 18:43:04.483 [Task submitter] INFO  nextflow.Session - [59/8e4234] Submitted process > SIGPROFILER (SNV)
Jan-12 18:43:40.385 [Task monitor] DEBUG n.processor.TaskPollingMonitor - Task completed > TaskHandler[id: 4; name: SIGPROFILER (SNV); status: COMPLETED; exit: 0; error: -; workDir: /project/6069023/nboev/scripts/work/59/8e42345a995c3e29e5e49f6e7fad1b]
Jan-12 18:43:40.401 [Task submitter] DEBUG n.executor.local.LocalTaskHandler - Launch cmd line: /bin/bash -ue .command.run
Jan-12 18:43:40.402 [Task submitter] INFO  nextflow.Session - [0f/aff79b] Submitted process > SIGPROFILER (INDEL)
Jan-12 18:44:17.165 [Task monitor] DEBUG n.processor.TaskPollingMonitor - Task completed > TaskHandler[id: 5; name: SIGPROFILER (INDEL); status: COMPLETED; exit: 0; error: -; workDir: /project/6069023/nboev/scripts/work/0f/aff79baa63b544083e8f07b5121940]
Jan-12 18:44:17.177 [Task submitter] DEBUG n.executor.local.LocalTaskHandler - Launch cmd line: /bin/bash -ue .command.run
Jan-12 18:44:17.177 [Task submitter] INFO  nextflow.Session - [1b/54ba48] Submitted process > SNV_CONTEXT (1)
Jan-12 18:44:23.908 [Task monitor] DEBUG n.processor.TaskPollingMonitor - Task completed > TaskHandler[id: 6; name: SNV_CONTEXT (1); status: COMPLETED; exit: 0; error: -; workDir: /project/6069023/nboev/scripts/work/1b/54ba48447a5f9be80be10936f1573f]
Jan-12 18:44:23.917 [main] DEBUG nextflow.Session - Session await > all processes finished
Jan-12 18:44:24.008 [Task monitor] DEBUG n.processor.TaskPollingMonitor - <<< barrier arrives (monitor: local) - terminating tasks monitor poll loop
Jan-12 18:44:24.009 [main] DEBUG nextflow.Session - Session await > all barriers passed
Jan-12 18:44:24.011 [main] DEBUG nextflow.util.ThreadPoolManager - Thread pool 'TaskFinalizer' shutdown completed (hard=false)
Jan-12 18:44:24.012 [main] DEBUG nextflow.util.ThreadPoolManager - Thread pool 'PublishDir' shutdown completed (hard=false)
Jan-12 18:44:24.018 [main] DEBUG n.trace.WorkflowStatsObserver - Workflow completed > WorkflowStats[succeededCount=5; failedCount=0; ignoredCount=0; cachedCount=1; pendingCount=0; submittedCount=0; runningCount=0; retriesCount=0; abortedCount=0; succeedDuration=3m 8s; failedDuration=0ms; cachedDuration=783ms;loadCpus=0; loadMemory=0; peakRunning=1; peakCpus=1; peakMemory=0; ]
Jan-12 18:44:24.180 [main] DEBUG nextflow.cache.CacheDB - Closing CacheDB done
Jan-12 18:44:24.211 [main] DEBUG nextflow.util.ThreadPoolManager - Thread pool 'FileTransfer' shutdown completed (hard=false)
Jan-12 18:44:24.212 [main] DEBUG nextflow.script.ScriptRunner - > Execution complete -- Goodbye
